[debug] [2023-02-22T15:20:06.278Z] ----------------------------------------------------------------------
[debug] [2023-02-22T15:20:06.280Z] Command:       C:\Program Files\nodejs\node.exe C:\Users\Admin\AppData\Roaming\npm\node_modules\firebase-tools\lib\bin\firebase.js deploy
[debug] [2023-02-22T15:20:06.280Z] CLI Version:   10.9.2
[debug] [2023-02-22T15:20:06.280Z] Platform:      win32
[debug] [2023-02-22T15:20:06.281Z] Node Version:  v17.3.0
[debug] [2023-02-22T15:20:06.285Z] Time:          Wed Feb 22 2023 21:20:06 GMT+0600 (Bangladesh Standard Time)
[debug] [2023-02-22T15:20:06.286Z] ----------------------------------------------------------------------
[debug] 
[debug] [2023-02-22T15:20:06.291Z] >>> [apiv2][query] GET https://firebase-public.firebaseio.com/cli.json [none]
[debug] [2023-02-22T15:20:06.466Z] > command requires scopes: ["email","openid","https://www.googleapis.com/auth/cloudplatformprojects.readonly","https://www.googleapis.com/auth/firebase","https://www.googleapis.com/auth/cloud-platform"]
[debug] [2023-02-22T15:20:06.466Z] > authorizing via signed-in user (fuhad208506@gmail.com)
[debug] [2023-02-22T15:20:06.466Z] [iam] checking project assignment12-aaae1 for permissions ["firebase.projects.get","firebasehosting.sites.update"]
[debug] [2023-02-22T15:20:06.467Z] > refreshing access token with scopes: []
[debug] [2023-02-22T15:20:06.468Z] >>> HTTP REQUEST POST https://www.googleapis.com/oauth2/v3/token  
 <request body omitted>
[debug] [2023-02-22T15:20:07.519Z] <<< HTTP RESPONSE 400 {"expires":"Mon, 01 Jan 1990 00:00:00 GMT","date":"Wed, 22 Feb 2023 15:20:06 GMT","pragma":"no-cache","cache-control":"no-cache, no-store, max-age=0, must-revalidate","content-type":"application/json; charset=utf-8","vary":"X-Origin, Referer, Origin,Accept-Encoding","server":"scaffolding on HTTPServer2","x-xss-protection":"0","x-frame-options":"SAMEORIGIN","x-content-type-options":"nosniff","alt-svc":"h3=\":443\"; ma=2592000,h3-29=\":443\"; ma=2592000","accept-ranges":"none","transfer-encoding":"chunked"}
[debug] [2023-02-22T15:20:07.520Z] >>> [apiv2][query] POST https://cloudresourcemanager.googleapis.com/v1/projects/assignment12-aaae1:testIamPermissions [none]
[debug] [2023-02-22T15:20:07.521Z] >>> [apiv2][body] POST https://cloudresourcemanager.googleapis.com/v1/projects/assignment12-aaae1:testIamPermissions {"permissions":["firebase.projects.get","firebasehosting.sites.update"]}
[debug] [2023-02-22T15:20:08.008Z] <<< [apiv2][status] GET https://firebase-public.firebaseio.com/cli.json 200
[debug] [2023-02-22T15:20:08.009Z] <<< [apiv2][body] GET https://firebase-public.firebaseio.com/cli.json {"cloudBuildErrorAfter":1594252800000,"cloudBuildWarnAfter":1590019200000,"defaultNode10After":1594252800000,"minVersion":"3.0.5","node8DeploysDisabledAfter":1613390400000,"node8RuntimeDisabledAfter":1615809600000,"node8WarnAfter":1600128000000}
[debug] [2023-02-22T15:20:08.732Z] <<< [apiv2][status] POST https://cloudresourcemanager.googleapis.com/v1/projects/assignment12-aaae1:testIamPermissions 401
[debug] [2023-02-22T15:20:08.732Z] <<< [apiv2][body] POST https://cloudresourcemanager.googleapis.com/v1/projects/assignment12-aaae1:testIamPermissions {"error":{"code":401,"message":"Request had invalid authentication credentials. Expected OAuth 2 access token, login cookie or other valid authentication credential. See https://developers.google.com/identity/sign-in/web/devconsole-project.","status":"UNAUTHENTICATED","details":[{"@type":"type.googleapis.com/google.rpc.ErrorInfo","reason":"ACCESS_TOKEN_TYPE_UNSUPPORTED","metadata":{"method":"google.cloudresourcemanager.v1.Projects.TestIamPermissions","service":"cloudresourcemanager.googleapis.com"}}]}}
[debug] [2023-02-22T15:20:08.734Z] [iam] error while checking permissions, command may fail: FirebaseError: HTTP Error: 401, Request had invalid authentication credentials. Expected OAuth 2 access token, login cookie or other valid authentication credential. See https://developers.google.com/identity/sign-in/web/devconsole-project.
[debug] [2023-02-22T15:20:08.734Z] > refreshing access token with scopes: []
[debug] [2023-02-22T15:20:08.734Z] >>> HTTP REQUEST POST https://www.googleapis.com/oauth2/v3/token  
 <request body omitted>
[debug] [2023-02-22T15:20:09.399Z] <<< HTTP RESPONSE 400 {"date":"Wed, 22 Feb 2023 15:20:08 GMT","pragma":"no-cache","cache-control":"no-cache, no-store, max-age=0, must-revalidate","expires":"Mon, 01 Jan 1990 00:00:00 GMT","content-type":"application/json; charset=utf-8","vary":"X-Origin, Referer, Origin,Accept-Encoding","server":"scaffolding on HTTPServer2","x-xss-protection":"0","x-frame-options":"SAMEORIGIN","x-content-type-options":"nosniff","alt-svc":"h3=\":443\"; ma=2592000,h3-29=\":443\"; ma=2592000","accept-ranges":"none","transfer-encoding":"chunked"}
[debug] [2023-02-22T15:20:09.401Z] >>> [apiv2][query] GET https://firebase.googleapis.com/v1beta1/projects/assignment12-aaae1 [none]
[debug] [2023-02-22T15:20:11.271Z] <<< [apiv2][status] GET https://firebase.googleapis.com/v1beta1/projects/assignment12-aaae1 401
[debug] [2023-02-22T15:20:11.271Z] <<< [apiv2][body] GET https://firebase.googleapis.com/v1beta1/projects/assignment12-aaae1 {"error":{"code":401,"message":"Request had invalid authentication credentials. Expected OAuth 2 access token, login cookie or other valid authentication credential. See https://developers.google.com/identity/sign-in/web/devconsole-project.","status":"UNAUTHENTICATED"}}
[debug] [2023-02-22T15:20:11.272Z] HTTP Error: 401, Request had invalid authentication credentials. Expected OAuth 2 access token, login cookie or other valid authentication credential. See https://developers.google.com/identity/sign-in/web/devconsole-project.
[debug] [2023-02-22T15:20:12.535Z] FirebaseError: HTTP Error: 401, Request had invalid authentication credentials. Expected OAuth 2 access token, login cookie or other valid authentication credential. See https://developers.google.com/identity/sign-in/web/devconsole-project.
    at module.exports (C:\Users\Admin\AppData\Roaming\npm\node_modules\firebase-tools\lib\responseToError.js:47:12)
    at RetryOperation._fn (C:\Users\Admin\AppData\Roaming\npm\node_modules\firebase-tools\lib\apiv2.js:286:39)
    at processTicksAndRejections (node:internal/process/task_queues:96:5)
[error] 
[error] Error: Failed to get Firebase project assignment12-aaae1. Please make sure the project exists and your account has permission to access it.
